[debug] [2024-03-19T13:31:21.858Z] ----------------------------------------------------------------------
[debug] [2024-03-19T13:31:21.862Z] Command:       C:\Program Files\nodejs\node.exe C:\Users\ADMIN\AppData\Roaming\npm\node_modules\firebase-tools\lib\bin\firebase.js init
[debug] [2024-03-19T13:31:21.863Z] CLI Version:   12.6.2
[debug] [2024-03-19T13:31:21.863Z] Platform:      win32
[debug] [2024-03-19T13:31:21.863Z] Node Version:  v21.5.0
[debug] [2024-03-19T13:31:21.864Z] Time:          Tue Mar 19 2024 19:31:21 GMT+0600 (Bangladesh Standard Time)
[debug] [2024-03-19T13:31:21.864Z] ----------------------------------------------------------------------
[debug] 
[debug] [2024-03-19T13:31:21.869Z] >>> [apiv2][query] GET https://firebase-public.firebaseio.com/cli.json [none]
[debug] [2024-03-19T13:31:21.943Z] > command requires scopes: ["email","openid","https://www.googleapis.com/auth/cloudplatformprojects.readonly","https://www.googleapis.com/auth/firebase","https://www.googleapis.com/auth/cloud-platform"]
[debug] [2024-03-19T13:31:21.944Z] > authorizing via signed-in user (mahamudul2018@gmail.com)
[info] 
     ######## #### ########  ######## ########     ###     ######  ########
     ##        ##  ##     ## ##       ##     ##  ##   ##  ##       ##
     ######    ##  ########  ######   ########  #########  ######  ######
     ##        ##  ##    ##  ##       ##     ## ##     ##       ## ##
     ##       #### ##     ## ######## ########  ##     ##  ######  ########

You're about to initialize a Firebase project in this directory:

  C:\All New Project 2024\Job-task-assignment-2024-13-number\moon-night-assignment-server

Before we get started, keep in mind:

  * You are currently outside your home directory

